<?xml version="1.0" encoding="UTF-8"?>
<!-- Generated by org.testng.reporters.JUnitXMLReporter -->
<testsuite hostname="LAPTOP-OFIJ2E99" ignored="0" name="TestOnIE" tests="3" failures="0" timestamp="2019-12-26T20:24:34 EST" time="75.777" errors="0">
  <testcase name="@BeforeMethod setUp" time="7.124" classname="seleniumPractice.CrossBrowserTesting">
    <failure type="org.openqa.selenium.SessionNotCreatedException" message="session not created: This version of ChromeDriver only supports Chrome version 77
Build info: version: &amp;apos;3.141.59&amp;apos;, revision: &amp;apos;e82be7d358&amp;apos;, time: &amp;apos;2018-11-14T08:25:48&amp;apos;
System info: host: &amp;apos;LAPTOP-OFIJ2E99&amp;apos;, ip: &amp;apos;192.168.1.203&amp;apos;, os.name: &amp;apos;Windows 10&amp;apos;, os.arch: &amp;apos;amd64&amp;apos;, os.version: &amp;apos;10.0&amp;apos;, java.version: &amp;apos;1.8.0_221&amp;apos;
Driver info: driver.version: ChromeDriver
remote stacktrace: Backtrace:
	Ordinal0 [0x0084EB13+1501971]
	Ordinal0 [0x007CF6D1+980689]
	Ordinal0 [0x0075765F+489055]
	Ordinal0 [0x006EF2F4+62196]
	Ordinal0 [0x006EBCDA+48346]
	Ordinal0 [0x00709800+169984]
	Ordinal0 [0x0070942D+169005]
	Ordinal0 [0x007078EB+162027]
	Ordinal0 [0x006F0AC7+68295]
	Ordinal0 [0x006F1B40+72512]
	Ordinal0 [0x006F1AD9+72409]
	Ordinal0 [0x007E8F37+1085239]
	GetHandleVerifier [0x008ED7ED+503293]
	GetHandleVerifier [0x008ED580+502672]
	GetHandleVerifier [0x008F46AC+531644]
	GetHandleVerifier [0x008EDFFA+505354]
	Ordinal0 [0x007E0606+1050118]
	Ordinal0 [0x007E047F+1049727]
	Ordinal0 [0x007EAF9B+1093531]
	Ordinal0 [0x007EB103+1093891]
	Ordinal0 [0x007EA095+1089685]
	BaseThreadInitThunk [0x75A36359+25]
	RtlGetAppContainerNamedObjectPath [0x770E7B74+228]
	RtlGetAppContainerNamedObjectPath [0x770E7B44+180]
">
      <![CDATA[org.openqa.selenium.SessionNotCreatedException: session not created: This version of ChromeDriver only supports Chrome version 77
Build info: version: '3.141.59', revision: 'e82be7d358', time: '2018-11-14T08:25:48'
System info: host: 'LAPTOP-OFIJ2E99', ip: '192.168.1.203', os.name: 'Windows 10', os.arch: 'amd64', os.version: '10.0', java.version: '1.8.0_221'
Driver info: driver.version: ChromeDriver
remote stacktrace: Backtrace:
Ordinal0 [0x0084EB13+1501971]
Ordinal0 [0x007CF6D1+980689]
Ordinal0 [0x0075765F+489055]
Ordinal0 [0x006EF2F4+62196]
Ordinal0 [0x006EBCDA+48346]
Ordinal0 [0x00709800+169984]
Ordinal0 [0x0070942D+169005]
Ordinal0 [0x007078EB+162027]
Ordinal0 [0x006F0AC7+68295]
Ordinal0 [0x006F1B40+72512]
Ordinal0 [0x006F1AD9+72409]
Ordinal0 [0x007E8F37+1085239]
GetHandleVerifier [0x008ED7ED+503293]
GetHandleVerifier [0x008ED580+502672]
GetHandleVerifier [0x008F46AC+531644]
GetHandleVerifier [0x008EDFFA+505354]
Ordinal0 [0x007E0606+1050118]
Ordinal0 [0x007E047F+1049727]
Ordinal0 [0x007EAF9B+1093531]
Ordinal0 [0x007EB103+1093891]
Ordinal0 [0x007EA095+1089685]
BaseThreadInitThunk [0x75A36359+25]
RtlGetAppContainerNamedObjectPath [0x770E7B74+228]
RtlGetAppContainerNamedObjectPath [0x770E7B44+180]

at org.openqa.selenium.remote.W3CHandshakeResponse.lambda$errorHandler$0(W3CHandshakeResponse.java:62)
at org.openqa.selenium.remote.HandshakeResponse.lambda$getResponseFunction$0(HandshakeResponse.java:30)
at org.openqa.selenium.remote.ProtocolHandshake.lambda$createSession$0(ProtocolHandshake.java:126)
at java.util.stream.ReferencePipeline$3$1.accept(Unknown Source)
at java.util.Spliterators$ArraySpliterator.tryAdvance(Unknown Source)
at java.util.stream.ReferencePipeline.forEachWithCancel(Unknown Source)
at java.util.stream.AbstractPipeline.copyIntoWithCancel(Unknown Source)
at java.util.stream.AbstractPipeline.copyInto(Unknown Source)
at java.util.stream.AbstractPipeline.wrapAndCopyInto(Unknown Source)
at java.util.stream.FindOps$FindOp.evaluateSequential(Unknown Source)
at java.util.stream.AbstractPipeline.evaluate(Unknown Source)
at java.util.stream.ReferencePipeline.findFirst(Unknown Source)
at org.openqa.selenium.remote.ProtocolHandshake.createSession(ProtocolHandshake.java:128)
at org.openqa.selenium.remote.ProtocolHandshake.createSession(ProtocolHandshake.java:74)
at org.openqa.selenium.remote.HttpCommandExecutor.execute(HttpCommandExecutor.java:136)
at org.openqa.selenium.remote.service.DriverCommandExecutor.execute(DriverCommandExecutor.java:83)
at org.openqa.selenium.remote.RemoteWebDriver.execute(RemoteWebDriver.java:552)
at org.openqa.selenium.remote.RemoteWebDriver.startSession(RemoteWebDriver.java:213)
at org.openqa.selenium.remote.RemoteWebDriver.<init>(RemoteWebDriver.java:131)
at org.openqa.selenium.chrome.ChromeDriver.<init>(ChromeDriver.java:181)
at org.openqa.selenium.chrome.ChromeDriver.<init>(ChromeDriver.java:168)
at org.openqa.selenium.chrome.ChromeDriver.<init>(ChromeDriver.java:123)
at seleniumPractice.CrossBrowserTesting.setUp(CrossBrowserTesting.java:29)
at java.util.ArrayList.forEach(Unknown Source)
at java.util.concurrent.FutureTask.run(Unknown Source)
at java.util.concurrent.ThreadPoolExecutor.runWorker(Unknown Source)
at java.util.concurrent.ThreadPoolExecutor$Worker.run(Unknown Source)
at java.lang.Thread.run(Unknown Source)
... Removed 26 stack frames]]>
    </failure>
  </testcase> <!-- @BeforeMethod setUp -->
  <testcase name="@AfterMethod tearDown" time="-1.57740980632E9" classname="seleniumPractice.CrossBrowserTesting">
    <skipped/>
  </testcase> <!-- @AfterMethod tearDown -->
  <testcase name="launchIETest" time="0.0" classname="seleniumPractice.CrossBrowserTesting">
    <skipped/>
  </testcase> <!-- launchIETest -->
  <testcase name="launchIETest" time="0.013" classname="seleniumPractice.CrossBrowserTesting"/>
  <testcase name="launchIETest" time="0.0" classname="seleniumPractice.CrossBrowserTesting">
    <skipped/>
  </testcase> <!-- launchIETest -->
</testsuite> <!-- TestOnIE -->
